{"environment":"development","level":"info","message":"Starting cron service...","service":"bumi-api","timestamp":"2025-11-10T17:34:10.614Z"}
{"environment":"development","level":"info","message":"Job scheduled: streak-reset (0 0 * * *)","service":"bumi-api","timestamp":"2025-11-10T17:34:10.882Z"}
{"environment":"development","level":"info","message":"Job scheduled: daily-reminder (0 20 * * *)","service":"bumi-api","timestamp":"2025-11-10T17:34:10.888Z"}
{"environment":"development","level":"info","message":"All cron jobs started successfully","service":"bumi-api","timestamp":"2025-11-10T17:34:10.888Z"}
{"environment":"development","level":"info","message":"Starting cron service...","service":"bumi-api","timestamp":"2025-11-10T18:11:36.660Z"}
{"environment":"development","level":"info","message":"Job scheduled: streak-reset (0 0 * * *)","service":"bumi-api","timestamp":"2025-11-10T18:11:36.700Z"}
{"environment":"development","level":"info","message":"Job scheduled: daily-reminder (0 20 * * *)","service":"bumi-api","timestamp":"2025-11-10T18:11:36.702Z"}
{"environment":"development","level":"info","message":"All cron jobs started successfully","service":"bumi-api","timestamp":"2025-11-10T18:11:36.702Z"}
{"environment":"development","level":"info","message":"SIGINT received, stopping services...","service":"bumi-api","timestamp":"2025-11-10T18:11:40.832Z"}
{"environment":"development","level":"info","message":"Starting cron service...","service":"bumi-api","timestamp":"2025-11-12T18:12:31.780Z"}
{"environment":"development","level":"info","message":"Job scheduled: streak-reset (0 0 * * *)","service":"bumi-api","timestamp":"2025-11-12T18:12:31.816Z"}
{"environment":"development","level":"info","message":"Job scheduled: daily-reminder (0 20 * * *)","service":"bumi-api","timestamp":"2025-11-12T18:12:31.819Z"}
{"environment":"development","level":"info","message":"All cron jobs started successfully","service":"bumi-api","timestamp":"2025-11-12T18:12:31.819Z"}
{"environment":"development","level":"info","message":"SIGTERM received, stopping cron jobs...","service":"bumi-api","timestamp":"2025-11-12T18:14:49.521Z"}
{"environment":"development","level":"info","message":"Starting cron service...","service":"bumi-api","timestamp":"2025-11-12T18:14:49.813Z"}
{"environment":"development","level":"info","message":"Job scheduled: streak-reset (0 0 * * *)","service":"bumi-api","timestamp":"2025-11-12T18:14:49.830Z"}
{"environment":"development","level":"info","message":"Job scheduled: daily-reminder (0 20 * * *)","service":"bumi-api","timestamp":"2025-11-12T18:14:49.832Z"}
{"environment":"development","level":"info","message":"All cron jobs started successfully","service":"bumi-api","timestamp":"2025-11-12T18:14:49.832Z"}
{"environment":"development","level":"info","message":"SIGTERM received, stopping cron jobs...","service":"bumi-api","timestamp":"2025-11-12T18:14:53.938Z"}
{"environment":"development","level":"info","message":"Starting cron service...","service":"bumi-api","timestamp":"2025-11-12T18:14:54.115Z"}
{"environment":"development","level":"info","message":"Job scheduled: streak-reset (0 0 * * *)","service":"bumi-api","timestamp":"2025-11-12T18:14:54.131Z"}
{"environment":"development","level":"info","message":"Job scheduled: daily-reminder (0 20 * * *)","service":"bumi-api","timestamp":"2025-11-12T18:14:54.133Z"}
{"environment":"development","level":"info","message":"All cron jobs started successfully","service":"bumi-api","timestamp":"2025-11-12T18:14:54.133Z"}
{"environment":"development","level":"info","message":"SIGTERM received, stopping cron jobs...","service":"bumi-api","timestamp":"2025-11-12T18:17:16.108Z"}
{"environment":"development","level":"info","message":"Starting cron service...","service":"bumi-api","timestamp":"2025-11-12T18:17:16.525Z"}
{"environment":"development","level":"info","message":"Job scheduled: streak-reset (0 0 * * *)","service":"bumi-api","timestamp":"2025-11-12T18:17:16.560Z"}
{"environment":"development","level":"info","message":"Job scheduled: daily-reminder (0 20 * * *)","service":"bumi-api","timestamp":"2025-11-12T18:17:16.562Z"}
{"environment":"development","level":"info","message":"All cron jobs started successfully","service":"bumi-api","timestamp":"2025-11-12T18:17:16.562Z"}
{"environment":"development","level":"info","message":"SIGTERM received, stopping cron jobs...","service":"bumi-api","timestamp":"2025-11-12T18:17:17.052Z"}
{"environment":"development","level":"info","message":"Starting cron service...","service":"bumi-api","timestamp":"2025-11-12T18:17:17.253Z"}
{"environment":"development","level":"info","message":"Job scheduled: streak-reset (0 0 * * *)","service":"bumi-api","timestamp":"2025-11-12T18:17:17.269Z"}
{"environment":"development","level":"info","message":"Job scheduled: daily-reminder (0 20 * * *)","service":"bumi-api","timestamp":"2025-11-12T18:17:17.271Z"}
{"environment":"development","level":"info","message":"All cron jobs started successfully","service":"bumi-api","timestamp":"2025-11-12T18:17:17.271Z"}
{"environment":"development","level":"info","message":"SIGTERM received, stopping cron jobs...","service":"bumi-api","timestamp":"2025-11-12T18:17:28.958Z"}
{"environment":"development","level":"info","message":"Starting cron service...","service":"bumi-api","timestamp":"2025-11-12T18:17:29.231Z"}
{"environment":"development","level":"info","message":"Job scheduled: streak-reset (0 0 * * *)","service":"bumi-api","timestamp":"2025-11-12T18:17:29.249Z"}
{"environment":"development","level":"info","message":"Job scheduled: daily-reminder (0 20 * * *)","service":"bumi-api","timestamp":"2025-11-12T18:17:29.250Z"}
{"environment":"development","level":"info","message":"All cron jobs started successfully","service":"bumi-api","timestamp":"2025-11-12T18:17:29.250Z"}
{"environment":"development","level":"info","message":"SIGTERM received, stopping cron jobs...","service":"bumi-api","timestamp":"2025-11-12T18:17:35.749Z"}
{"environment":"development","level":"info","message":"Starting cron service...","service":"bumi-api","timestamp":"2025-11-12T18:17:38.175Z"}
{"environment":"development","level":"info","message":"Job scheduled: streak-reset (0 0 * * *)","service":"bumi-api","timestamp":"2025-11-12T18:17:38.193Z"}
{"environment":"development","level":"info","message":"Job scheduled: daily-reminder (0 20 * * *)","service":"bumi-api","timestamp":"2025-11-12T18:17:38.194Z"}
{"environment":"development","level":"info","message":"All cron jobs started successfully","service":"bumi-api","timestamp":"2025-11-12T18:17:38.194Z"}
{"environment":"development","level":"info","message":"SIGTERM received, stopping cron jobs...","service":"bumi-api","timestamp":"2025-11-12T18:23:03.216Z"}
{"environment":"development","level":"info","message":"Starting cron service...","service":"bumi-api","timestamp":"2025-11-12T18:23:21.826Z"}
{"environment":"development","level":"info","message":"Job scheduled: streak-reset (0 0 * * *)","service":"bumi-api","timestamp":"2025-11-12T18:23:21.863Z"}
{"environment":"development","level":"info","message":"Job scheduled: daily-reminder (0 20 * * *)","service":"bumi-api","timestamp":"2025-11-12T18:23:21.865Z"}
{"environment":"development","level":"info","message":"All cron jobs started successfully","service":"bumi-api","timestamp":"2025-11-12T18:23:21.865Z"}
{"environment":"development","level":"info","message":"SIGTERM received, stopping cron jobs...","service":"bumi-api","timestamp":"2025-11-12T18:23:52.296Z"}
{"environment":"development","level":"info","message":"Starting cron service...","service":"bumi-api","timestamp":"2025-11-12T18:23:52.559Z"}
{"environment":"development","level":"info","message":"Job scheduled: streak-reset (0 0 * * *)","service":"bumi-api","timestamp":"2025-11-12T18:23:52.576Z"}
{"environment":"development","level":"info","message":"Job scheduled: daily-reminder (0 20 * * *)","service":"bumi-api","timestamp":"2025-11-12T18:23:52.578Z"}
{"environment":"development","level":"info","message":"All cron jobs started successfully","service":"bumi-api","timestamp":"2025-11-12T18:23:52.578Z"}
{"environment":"development","level":"info","message":"SIGTERM received, stopping cron jobs...","service":"bumi-api","timestamp":"2025-11-12T18:23:56.254Z"}
{"environment":"development","level":"info","message":"Starting cron service...","service":"bumi-api","timestamp":"2025-11-12T18:23:56.442Z"}
{"environment":"development","level":"info","message":"Job scheduled: streak-reset (0 0 * * *)","service":"bumi-api","timestamp":"2025-11-12T18:23:56.458Z"}
{"environment":"development","level":"info","message":"Job scheduled: daily-reminder (0 20 * * *)","service":"bumi-api","timestamp":"2025-11-12T18:23:56.460Z"}
{"environment":"development","level":"info","message":"All cron jobs started successfully","service":"bumi-api","timestamp":"2025-11-12T18:23:56.460Z"}
{"environment":"development","level":"info","message":"SIGTERM received, stopping cron jobs...","service":"bumi-api","timestamp":"2025-11-12T18:24:04.739Z"}
{"environment":"development","level":"info","message":"Starting cron service...","service":"bumi-api","timestamp":"2025-11-12T18:24:04.920Z"}
{"environment":"development","level":"info","message":"Job scheduled: streak-reset (0 0 * * *)","service":"bumi-api","timestamp":"2025-11-12T18:24:04.936Z"}
{"environment":"development","level":"info","message":"Job scheduled: daily-reminder (0 20 * * *)","service":"bumi-api","timestamp":"2025-11-12T18:24:04.938Z"}
{"environment":"development","level":"info","message":"All cron jobs started successfully","service":"bumi-api","timestamp":"2025-11-12T18:24:04.938Z"}
{"environment":"development","level":"info","message":"SIGTERM received, stopping cron jobs...","service":"bumi-api","timestamp":"2025-11-12T18:24:19.780Z"}
{"environment":"development","level":"info","message":"Starting cron service...","service":"bumi-api","timestamp":"2025-11-12T18:24:20.053Z"}
{"environment":"development","level":"info","message":"Job scheduled: streak-reset (0 0 * * *)","service":"bumi-api","timestamp":"2025-11-12T18:24:20.069Z"}
{"environment":"development","level":"info","message":"Job scheduled: daily-reminder (0 20 * * *)","service":"bumi-api","timestamp":"2025-11-12T18:24:20.071Z"}
{"environment":"development","level":"info","message":"All cron jobs started successfully","service":"bumi-api","timestamp":"2025-11-12T18:24:20.071Z"}
{"environment":"development","level":"info","message":"SIGTERM received, stopping cron jobs...","service":"bumi-api","timestamp":"2025-11-12T18:25:14.308Z"}
{"environment":"development","level":"info","message":"Starting cron service...","service":"bumi-api","timestamp":"2025-11-12T18:25:14.603Z"}
{"environment":"development","level":"info","message":"Job scheduled: streak-reset (0 0 * * *)","service":"bumi-api","timestamp":"2025-11-12T18:25:14.620Z"}
{"environment":"development","level":"info","message":"Job scheduled: daily-reminder (0 20 * * *)","service":"bumi-api","timestamp":"2025-11-12T18:25:14.622Z"}
{"environment":"development","level":"info","message":"All cron jobs started successfully","service":"bumi-api","timestamp":"2025-11-12T18:25:14.622Z"}
{"environment":"development","level":"info","message":"SIGTERM received, stopping cron jobs...","service":"bumi-api","timestamp":"2025-11-12T18:25:16.189Z"}
{"environment":"development","level":"info","message":"Starting cron service...","service":"bumi-api","timestamp":"2025-11-12T18:25:16.375Z"}
{"environment":"development","level":"info","message":"Job scheduled: streak-reset (0 0 * * *)","service":"bumi-api","timestamp":"2025-11-12T18:25:16.392Z"}
{"environment":"development","level":"info","message":"Job scheduled: daily-reminder (0 20 * * *)","service":"bumi-api","timestamp":"2025-11-12T18:25:16.393Z"}
{"environment":"development","level":"info","message":"All cron jobs started successfully","service":"bumi-api","timestamp":"2025-11-12T18:25:16.394Z"}
{"environment":"development","level":"info","message":"SIGTERM received, stopping cron jobs...","service":"bumi-api","timestamp":"2025-11-12T18:25:44.090Z"}
{"environment":"development","level":"info","message":"Starting cron service...","service":"bumi-api","timestamp":"2025-11-12T18:25:44.352Z"}
{"environment":"development","level":"info","message":"Job scheduled: streak-reset (0 0 * * *)","service":"bumi-api","timestamp":"2025-11-12T18:25:44.368Z"}
{"environment":"development","level":"info","message":"Job scheduled: daily-reminder (0 20 * * *)","service":"bumi-api","timestamp":"2025-11-12T18:25:44.370Z"}
{"environment":"development","level":"info","message":"All cron jobs started successfully","service":"bumi-api","timestamp":"2025-11-12T18:25:44.370Z"}
{"environment":"development","level":"info","message":"SIGTERM received, stopping cron jobs...","service":"bumi-api","timestamp":"2025-11-12T18:25:45.624Z"}
{"environment":"development","level":"info","message":"Starting cron service...","service":"bumi-api","timestamp":"2025-11-12T18:25:45.806Z"}
{"environment":"development","level":"info","message":"Job scheduled: streak-reset (0 0 * * *)","service":"bumi-api","timestamp":"2025-11-12T18:25:45.823Z"}
{"environment":"development","level":"info","message":"Job scheduled: daily-reminder (0 20 * * *)","service":"bumi-api","timestamp":"2025-11-12T18:25:45.825Z"}
{"environment":"development","level":"info","message":"All cron jobs started successfully","service":"bumi-api","timestamp":"2025-11-12T18:25:45.825Z"}
{"environment":"development","level":"info","message":"SIGTERM received, stopping cron jobs...","service":"bumi-api","timestamp":"2025-11-12T18:25:50.780Z"}
{"environment":"development","level":"info","message":"Starting cron service...","service":"bumi-api","timestamp":"2025-11-12T18:25:50.970Z"}
{"environment":"development","level":"info","message":"Job scheduled: streak-reset (0 0 * * *)","service":"bumi-api","timestamp":"2025-11-12T18:25:50.986Z"}
{"environment":"development","level":"info","message":"Job scheduled: daily-reminder (0 20 * * *)","service":"bumi-api","timestamp":"2025-11-12T18:25:50.988Z"}
{"environment":"development","level":"info","message":"All cron jobs started successfully","service":"bumi-api","timestamp":"2025-11-12T18:25:50.988Z"}
{"environment":"development","level":"info","message":"SIGTERM received, stopping cron jobs...","service":"bumi-api","timestamp":"2025-11-12T18:25:55.040Z"}
{"environment":"development","level":"info","message":"Starting cron service...","service":"bumi-api","timestamp":"2025-11-12T18:25:55.233Z"}
{"environment":"development","level":"info","message":"Job scheduled: streak-reset (0 0 * * *)","service":"bumi-api","timestamp":"2025-11-12T18:25:55.249Z"}
{"environment":"development","level":"info","message":"Job scheduled: daily-reminder (0 20 * * *)","service":"bumi-api","timestamp":"2025-11-12T18:25:55.251Z"}
{"environment":"development","level":"info","message":"All cron jobs started successfully","service":"bumi-api","timestamp":"2025-11-12T18:25:55.251Z"}
{"environment":"development","level":"info","message":"SIGTERM received, stopping cron jobs...","service":"bumi-api","timestamp":"2025-11-12T18:29:37.977Z"}
{"environment":"development","level":"info","message":"Starting cron service...","service":"bumi-api","timestamp":"2025-11-12T18:29:38.297Z"}
{"environment":"development","level":"info","message":"Job scheduled: streak-reset (0 0 * * *)","service":"bumi-api","timestamp":"2025-11-12T18:29:38.316Z"}
{"environment":"development","level":"info","message":"Job scheduled: daily-reminder (0 20 * * *)","service":"bumi-api","timestamp":"2025-11-12T18:29:38.318Z"}
{"environment":"development","level":"info","message":"All cron jobs started successfully","service":"bumi-api","timestamp":"2025-11-12T18:29:38.318Z"}
{"environment":"development","level":"info","message":"SIGTERM received, stopping cron jobs...","service":"bumi-api","timestamp":"2025-11-12T18:29:38.991Z"}
{"environment":"development","level":"info","message":"Starting cron service...","service":"bumi-api","timestamp":"2025-11-12T18:29:39.166Z"}
{"environment":"development","level":"info","message":"Job scheduled: streak-reset (0 0 * * *)","service":"bumi-api","timestamp":"2025-11-12T18:29:39.183Z"}
{"environment":"development","level":"info","message":"Job scheduled: daily-reminder (0 20 * * *)","service":"bumi-api","timestamp":"2025-11-12T18:29:39.185Z"}
{"environment":"development","level":"info","message":"All cron jobs started successfully","service":"bumi-api","timestamp":"2025-11-12T18:29:39.185Z"}
{"environment":"development","level":"info","message":"SIGTERM received, stopping cron jobs...","service":"bumi-api","timestamp":"2025-11-12T18:29:51.246Z"}
{"environment":"development","level":"info","message":"Starting cron service...","service":"bumi-api","timestamp":"2025-11-12T18:29:51.502Z"}
{"environment":"development","level":"info","message":"Job scheduled: streak-reset (0 0 * * *)","service":"bumi-api","timestamp":"2025-11-12T18:29:51.522Z"}
{"environment":"development","level":"info","message":"Job scheduled: daily-reminder (0 20 * * *)","service":"bumi-api","timestamp":"2025-11-12T18:29:51.524Z"}
{"environment":"development","level":"info","message":"All cron jobs started successfully","service":"bumi-api","timestamp":"2025-11-12T18:29:51.524Z"}
{"environment":"development","level":"info","message":"SIGTERM received, stopping cron jobs...","service":"bumi-api","timestamp":"2025-11-12T18:29:52.642Z"}
{"environment":"development","level":"info","message":"Starting cron service...","service":"bumi-api","timestamp":"2025-11-12T18:29:52.846Z"}
{"environment":"development","level":"info","message":"Job scheduled: streak-reset (0 0 * * *)","service":"bumi-api","timestamp":"2025-11-12T18:29:52.863Z"}
{"environment":"development","level":"info","message":"Job scheduled: daily-reminder (0 20 * * *)","service":"bumi-api","timestamp":"2025-11-12T18:29:52.865Z"}
{"environment":"development","level":"info","message":"All cron jobs started successfully","service":"bumi-api","timestamp":"2025-11-12T18:29:52.865Z"}
{"environment":"development","level":"info","message":"SIGTERM received, stopping cron jobs...","service":"bumi-api","timestamp":"2025-11-12T18:29:54.965Z"}
{"environment":"development","level":"info","message":"Starting cron service...","service":"bumi-api","timestamp":"2025-11-12T18:29:55.153Z"}
{"environment":"development","level":"info","message":"Job scheduled: streak-reset (0 0 * * *)","service":"bumi-api","timestamp":"2025-11-12T18:29:55.169Z"}
{"environment":"development","level":"info","message":"Job scheduled: daily-reminder (0 20 * * *)","service":"bumi-api","timestamp":"2025-11-12T18:29:55.171Z"}
{"environment":"development","level":"info","message":"All cron jobs started successfully","service":"bumi-api","timestamp":"2025-11-12T18:29:55.171Z"}
{"environment":"development","level":"info","message":"SIGTERM received, stopping cron jobs...","service":"bumi-api","timestamp":"2025-11-12T18:29:56.430Z"}
{"environment":"development","level":"info","message":"Starting cron service...","service":"bumi-api","timestamp":"2025-11-12T18:29:56.629Z"}
{"environment":"development","level":"info","message":"Job scheduled: streak-reset (0 0 * * *)","service":"bumi-api","timestamp":"2025-11-12T18:29:56.648Z"}
{"environment":"development","level":"info","message":"Job scheduled: daily-reminder (0 20 * * *)","service":"bumi-api","timestamp":"2025-11-12T18:29:56.649Z"}
{"environment":"development","level":"info","message":"All cron jobs started successfully","service":"bumi-api","timestamp":"2025-11-12T18:29:56.650Z"}
{"environment":"development","level":"info","message":"SIGTERM received, stopping cron jobs...","service":"bumi-api","timestamp":"2025-11-12T18:30:00.830Z"}
{"environment":"development","level":"info","message":"Starting cron service...","service":"bumi-api","timestamp":"2025-11-12T18:30:01.019Z"}
{"environment":"development","level":"info","message":"Job scheduled: streak-reset (0 0 * * *)","service":"bumi-api","timestamp":"2025-11-12T18:30:01.035Z"}
{"environment":"development","level":"info","message":"Job scheduled: daily-reminder (0 20 * * *)","service":"bumi-api","timestamp":"2025-11-12T18:30:01.037Z"}
{"environment":"development","level":"info","message":"All cron jobs started successfully","service":"bumi-api","timestamp":"2025-11-12T18:30:01.037Z"}
{"environment":"development","level":"info","message":"SIGTERM received, stopping cron jobs...","service":"bumi-api","timestamp":"2025-11-12T18:30:02.600Z"}
{"environment":"development","level":"info","message":"Starting cron service...","service":"bumi-api","timestamp":"2025-11-12T18:30:02.834Z"}
{"environment":"development","level":"info","message":"Job scheduled: streak-reset (0 0 * * *)","service":"bumi-api","timestamp":"2025-11-12T18:30:02.852Z"}
{"environment":"development","level":"info","message":"Job scheduled: daily-reminder (0 20 * * *)","service":"bumi-api","timestamp":"2025-11-12T18:30:02.853Z"}
{"environment":"development","level":"info","message":"All cron jobs started successfully","service":"bumi-api","timestamp":"2025-11-12T18:30:02.853Z"}
{"environment":"development","level":"info","message":"SIGTERM received, stopping cron jobs...","service":"bumi-api","timestamp":"2025-11-12T18:30:05.518Z"}
{"environment":"development","level":"info","message":"Starting cron service...","service":"bumi-api","timestamp":"2025-11-12T18:30:05.773Z"}
{"environment":"development","level":"info","message":"Job scheduled: streak-reset (0 0 * * *)","service":"bumi-api","timestamp":"2025-11-12T18:30:05.791Z"}
{"environment":"development","level":"info","message":"Job scheduled: daily-reminder (0 20 * * *)","service":"bumi-api","timestamp":"2025-11-12T18:30:05.793Z"}
{"environment":"development","level":"info","message":"All cron jobs started successfully","service":"bumi-api","timestamp":"2025-11-12T18:30:05.794Z"}
{"environment":"development","level":"info","message":"SIGTERM received, stopping cron jobs...","service":"bumi-api","timestamp":"2025-11-12T18:30:07.666Z"}
{"environment":"development","level":"info","message":"Starting cron service...","service":"bumi-api","timestamp":"2025-11-12T18:30:07.857Z"}
{"environment":"development","level":"info","message":"Job scheduled: streak-reset (0 0 * * *)","service":"bumi-api","timestamp":"2025-11-12T18:30:07.875Z"}
{"environment":"development","level":"info","message":"Job scheduled: daily-reminder (0 20 * * *)","service":"bumi-api","timestamp":"2025-11-12T18:30:07.876Z"}
{"environment":"development","level":"info","message":"All cron jobs started successfully","service":"bumi-api","timestamp":"2025-11-12T18:30:07.877Z"}
{"environment":"development","level":"info","message":"SIGTERM received, stopping cron jobs...","service":"bumi-api","timestamp":"2025-11-12T18:30:11.039Z"}
{"environment":"development","level":"info","message":"Starting cron service...","service":"bumi-api","timestamp":"2025-11-12T18:30:11.210Z"}
{"environment":"development","level":"info","message":"Job scheduled: streak-reset (0 0 * * *)","service":"bumi-api","timestamp":"2025-11-12T18:30:11.226Z"}
{"environment":"development","level":"info","message":"Job scheduled: daily-reminder (0 20 * * *)","service":"bumi-api","timestamp":"2025-11-12T18:30:11.228Z"}
{"environment":"development","level":"info","message":"All cron jobs started successfully","service":"bumi-api","timestamp":"2025-11-12T18:30:11.228Z"}
{"environment":"development","level":"info","message":"SIGTERM received, stopping cron jobs...","service":"bumi-api","timestamp":"2025-11-12T18:30:16.377Z"}
{"environment":"development","level":"info","message":"Starting cron service...","service":"bumi-api","timestamp":"2025-11-12T18:30:16.565Z"}
{"environment":"development","level":"info","message":"Job scheduled: streak-reset (0 0 * * *)","service":"bumi-api","timestamp":"2025-11-12T18:30:16.582Z"}
{"environment":"development","level":"info","message":"Job scheduled: daily-reminder (0 20 * * *)","service":"bumi-api","timestamp":"2025-11-12T18:30:16.584Z"}
{"environment":"development","level":"info","message":"All cron jobs started successfully","service":"bumi-api","timestamp":"2025-11-12T18:30:16.584Z"}
{"environment":"development","level":"info","message":"SIGTERM received, stopping cron jobs...","service":"bumi-api","timestamp":"2025-11-12T18:30:22.331Z"}
{"environment":"development","level":"info","message":"Starting cron service...","service":"bumi-api","timestamp":"2025-11-12T18:30:22.501Z"}
{"environment":"development","level":"info","message":"Job scheduled: streak-reset (0 0 * * *)","service":"bumi-api","timestamp":"2025-11-12T18:30:22.519Z"}
{"environment":"development","level":"info","message":"Job scheduled: daily-reminder (0 20 * * *)","service":"bumi-api","timestamp":"2025-11-12T18:30:22.523Z"}
{"environment":"development","level":"info","message":"All cron jobs started successfully","service":"bumi-api","timestamp":"2025-11-12T18:30:22.523Z"}
{"environment":"development","level":"info","message":"SIGTERM received, stopping cron jobs...","service":"bumi-api","timestamp":"2025-11-12T18:30:40.331Z"}
{"environment":"development","level":"info","message":"Starting cron service...","service":"bumi-api","timestamp":"2025-11-12T18:30:40.595Z"}
{"environment":"development","level":"info","message":"Job scheduled: streak-reset (0 0 * * *)","service":"bumi-api","timestamp":"2025-11-12T18:30:40.613Z"}
{"environment":"development","level":"info","message":"Job scheduled: daily-reminder (0 20 * * *)","service":"bumi-api","timestamp":"2025-11-12T18:30:40.615Z"}
{"environment":"development","level":"info","message":"All cron jobs started successfully","service":"bumi-api","timestamp":"2025-11-12T18:30:40.615Z"}
{"environment":"development","level":"info","message":"SIGTERM received, stopping cron jobs...","service":"bumi-api","timestamp":"2025-11-12T18:30:47.215Z"}
{"environment":"development","level":"info","message":"Starting cron service...","service":"bumi-api","timestamp":"2025-11-12T18:30:47.490Z"}
{"environment":"development","level":"info","message":"Job scheduled: streak-reset (0 0 * * *)","service":"bumi-api","timestamp":"2025-11-12T18:30:47.509Z"}
{"environment":"development","level":"info","message":"Job scheduled: daily-reminder (0 20 * * *)","service":"bumi-api","timestamp":"2025-11-12T18:30:47.511Z"}
{"environment":"development","level":"info","message":"All cron jobs started successfully","service":"bumi-api","timestamp":"2025-11-12T18:30:47.511Z"}
{"environment":"development","level":"info","message":"SIGTERM received, stopping cron jobs...","service":"bumi-api","timestamp":"2025-11-12T18:30:49.073Z"}
{"environment":"development","level":"info","message":"Starting cron service...","service":"bumi-api","timestamp":"2025-11-12T18:30:49.259Z"}
{"environment":"development","level":"info","message":"Job scheduled: streak-reset (0 0 * * *)","service":"bumi-api","timestamp":"2025-11-12T18:30:49.282Z"}
{"environment":"development","level":"info","message":"Job scheduled: daily-reminder (0 20 * * *)","service":"bumi-api","timestamp":"2025-11-12T18:30:49.284Z"}
{"environment":"development","level":"info","message":"All cron jobs started successfully","service":"bumi-api","timestamp":"2025-11-12T18:30:49.284Z"}
{"environment":"development","level":"info","message":"SIGTERM received, stopping cron jobs...","service":"bumi-api","timestamp":"2025-11-12T18:30:49.979Z"}
{"environment":"development","level":"info","message":"Starting cron service...","service":"bumi-api","timestamp":"2025-11-12T18:30:50.150Z"}
{"environment":"development","level":"info","message":"Job scheduled: streak-reset (0 0 * * *)","service":"bumi-api","timestamp":"2025-11-12T18:30:50.169Z"}
{"environment":"development","level":"info","message":"Job scheduled: daily-reminder (0 20 * * *)","service":"bumi-api","timestamp":"2025-11-12T18:30:50.171Z"}
{"environment":"development","level":"info","message":"All cron jobs started successfully","service":"bumi-api","timestamp":"2025-11-12T18:30:50.171Z"}
{"environment":"development","level":"info","message":"SIGTERM received, stopping cron jobs...","service":"bumi-api","timestamp":"2025-11-12T18:30:54.985Z"}
{"environment":"development","level":"info","message":"Starting cron service...","service":"bumi-api","timestamp":"2025-11-12T18:30:55.158Z"}
{"environment":"development","level":"info","message":"Job scheduled: streak-reset (0 0 * * *)","service":"bumi-api","timestamp":"2025-11-12T18:30:55.177Z"}
{"environment":"development","level":"info","message":"Job scheduled: daily-reminder (0 20 * * *)","service":"bumi-api","timestamp":"2025-11-12T18:30:55.179Z"}
{"environment":"development","level":"info","message":"All cron jobs started successfully","service":"bumi-api","timestamp":"2025-11-12T18:30:55.179Z"}
{"environment":"development","level":"info","message":"SIGTERM received, stopping cron jobs...","service":"bumi-api","timestamp":"2025-11-12T18:30:57.244Z"}
{"environment":"development","level":"info","message":"Starting cron service...","service":"bumi-api","timestamp":"2025-11-12T18:30:57.430Z"}
{"environment":"development","level":"info","message":"Job scheduled: streak-reset (0 0 * * *)","service":"bumi-api","timestamp":"2025-11-12T18:30:57.447Z"}
{"environment":"development","level":"info","message":"Job scheduled: daily-reminder (0 20 * * *)","service":"bumi-api","timestamp":"2025-11-12T18:30:57.451Z"}
{"environment":"development","level":"info","message":"All cron jobs started successfully","service":"bumi-api","timestamp":"2025-11-12T18:30:57.451Z"}
{"environment":"development","level":"info","message":"SIGTERM received, stopping cron jobs...","service":"bumi-api","timestamp":"2025-11-12T18:31:29.455Z"}
{"environment":"development","level":"info","message":"Starting cron service...","service":"bumi-api","timestamp":"2025-11-12T18:31:29.710Z"}
{"environment":"development","level":"info","message":"Job scheduled: streak-reset (0 0 * * *)","service":"bumi-api","timestamp":"2025-11-12T18:31:29.728Z"}
{"environment":"development","level":"info","message":"Job scheduled: daily-reminder (0 20 * * *)","service":"bumi-api","timestamp":"2025-11-12T18:31:29.729Z"}
{"environment":"development","level":"info","message":"All cron jobs started successfully","service":"bumi-api","timestamp":"2025-11-12T18:31:29.729Z"}
{"environment":"development","level":"info","message":"SIGTERM received, stopping cron jobs...","service":"bumi-api","timestamp":"2025-11-12T18:31:30.346Z"}
{"environment":"development","level":"info","message":"Starting cron service...","service":"bumi-api","timestamp":"2025-11-12T18:31:30.558Z"}
{"environment":"development","level":"info","message":"Job scheduled: streak-reset (0 0 * * *)","service":"bumi-api","timestamp":"2025-11-12T18:31:30.577Z"}
{"environment":"development","level":"info","message":"Job scheduled: daily-reminder (0 20 * * *)","service":"bumi-api","timestamp":"2025-11-12T18:31:30.579Z"}
{"environment":"development","level":"info","message":"All cron jobs started successfully","service":"bumi-api","timestamp":"2025-11-12T18:31:30.579Z"}
{"environment":"development","level":"info","message":"SIGTERM received, stopping cron jobs...","service":"bumi-api","timestamp":"2025-11-12T18:31:36.119Z"}
{"environment":"development","level":"info","message":"Starting cron service...","service":"bumi-api","timestamp":"2025-11-12T18:31:36.303Z"}
{"environment":"development","level":"info","message":"Job scheduled: streak-reset (0 0 * * *)","service":"bumi-api","timestamp":"2025-11-12T18:31:36.320Z"}
{"environment":"development","level":"info","message":"Job scheduled: daily-reminder (0 20 * * *)","service":"bumi-api","timestamp":"2025-11-12T18:31:36.322Z"}
{"environment":"development","level":"info","message":"All cron jobs started successfully","service":"bumi-api","timestamp":"2025-11-12T18:31:36.322Z"}
{"environment":"development","level":"info","message":"SIGTERM received, stopping cron jobs...","service":"bumi-api","timestamp":"2025-11-12T18:31:39.255Z"}
{"environment":"development","level":"info","message":"Starting cron service...","service":"bumi-api","timestamp":"2025-11-12T18:31:39.445Z"}
{"environment":"development","level":"info","message":"Job scheduled: streak-reset (0 0 * * *)","service":"bumi-api","timestamp":"2025-11-12T18:31:39.463Z"}
{"environment":"development","level":"info","message":"Job scheduled: daily-reminder (0 20 * * *)","service":"bumi-api","timestamp":"2025-11-12T18:31:39.465Z"}
{"environment":"development","level":"info","message":"All cron jobs started successfully","service":"bumi-api","timestamp":"2025-11-12T18:31:39.465Z"}
{"environment":"development","level":"info","message":"SIGTERM received, stopping cron jobs...","service":"bumi-api","timestamp":"2025-11-12T18:31:40.365Z"}
{"environment":"development","level":"info","message":"Starting cron service...","service":"bumi-api","timestamp":"2025-11-12T18:31:40.545Z"}
{"environment":"development","level":"info","message":"Job scheduled: streak-reset (0 0 * * *)","service":"bumi-api","timestamp":"2025-11-12T18:31:40.561Z"}
{"environment":"development","level":"info","message":"Job scheduled: daily-reminder (0 20 * * *)","service":"bumi-api","timestamp":"2025-11-12T18:31:40.563Z"}
{"environment":"development","level":"info","message":"All cron jobs started successfully","service":"bumi-api","timestamp":"2025-11-12T18:31:40.563Z"}
{"environment":"development","level":"info","message":"SIGTERM received, stopping cron jobs...","service":"bumi-api","timestamp":"2025-11-12T18:31:43.371Z"}
{"environment":"development","level":"info","message":"Starting cron service...","service":"bumi-api","timestamp":"2025-11-12T18:31:43.561Z"}
{"environment":"development","level":"info","message":"Job scheduled: streak-reset (0 0 * * *)","service":"bumi-api","timestamp":"2025-11-12T18:31:43.577Z"}
{"environment":"development","level":"info","message":"Job scheduled: daily-reminder (0 20 * * *)","service":"bumi-api","timestamp":"2025-11-12T18:31:43.579Z"}
{"environment":"development","level":"info","message":"All cron jobs started successfully","service":"bumi-api","timestamp":"2025-11-12T18:31:43.579Z"}
{"environment":"development","level":"info","message":"SIGTERM received, stopping cron jobs...","service":"bumi-api","timestamp":"2025-11-12T18:31:46.770Z"}
{"environment":"development","level":"info","message":"Starting cron service...","service":"bumi-api","timestamp":"2025-11-12T18:31:46.944Z"}
{"environment":"development","level":"info","message":"Job scheduled: streak-reset (0 0 * * *)","service":"bumi-api","timestamp":"2025-11-12T18:31:46.963Z"}
{"environment":"development","level":"info","message":"Job scheduled: daily-reminder (0 20 * * *)","service":"bumi-api","timestamp":"2025-11-12T18:31:46.965Z"}
{"environment":"development","level":"info","message":"All cron jobs started successfully","service":"bumi-api","timestamp":"2025-11-12T18:31:46.965Z"}
{"environment":"development","level":"info","message":"SIGTERM received, stopping cron jobs...","service":"bumi-api","timestamp":"2025-11-12T18:31:55.795Z"}
{"environment":"development","level":"info","message":"Starting cron service...","service":"bumi-api","timestamp":"2025-11-12T18:31:55.981Z"}
{"environment":"development","level":"info","message":"Job scheduled: streak-reset (0 0 * * *)","service":"bumi-api","timestamp":"2025-11-12T18:31:55.999Z"}
{"environment":"development","level":"info","message":"Job scheduled: daily-reminder (0 20 * * *)","service":"bumi-api","timestamp":"2025-11-12T18:31:56.002Z"}
{"environment":"development","level":"info","message":"All cron jobs started successfully","service":"bumi-api","timestamp":"2025-11-12T18:31:56.002Z"}
{"environment":"development","level":"info","message":"SIGTERM received, stopping cron jobs...","service":"bumi-api","timestamp":"2025-11-12T18:31:57.797Z"}
{"environment":"development","level":"info","message":"Starting cron service...","service":"bumi-api","timestamp":"2025-11-12T18:31:57.979Z"}
{"environment":"development","level":"info","message":"Job scheduled: streak-reset (0 0 * * *)","service":"bumi-api","timestamp":"2025-11-12T18:31:57.997Z"}
{"environment":"development","level":"info","message":"Job scheduled: daily-reminder (0 20 * * *)","service":"bumi-api","timestamp":"2025-11-12T18:31:57.999Z"}
{"environment":"development","level":"info","message":"All cron jobs started successfully","service":"bumi-api","timestamp":"2025-11-12T18:31:57.999Z"}
{"environment":"development","level":"info","message":"SIGTERM received, stopping cron jobs...","service":"bumi-api","timestamp":"2025-11-12T18:31:59.647Z"}
{"environment":"development","level":"info","message":"Starting cron service...","service":"bumi-api","timestamp":"2025-11-12T18:31:59.837Z"}
{"environment":"development","level":"info","message":"Job scheduled: streak-reset (0 0 * * *)","service":"bumi-api","timestamp":"2025-11-12T18:31:59.857Z"}
{"environment":"development","level":"info","message":"Job scheduled: daily-reminder (0 20 * * *)","service":"bumi-api","timestamp":"2025-11-12T18:31:59.859Z"}
{"environment":"development","level":"info","message":"All cron jobs started successfully","service":"bumi-api","timestamp":"2025-11-12T18:31:59.859Z"}
{"environment":"development","level":"info","message":"SIGTERM received, stopping cron jobs...","service":"bumi-api","timestamp":"2025-11-12T18:32:02.377Z"}
{"environment":"development","level":"info","message":"Starting cron service...","service":"bumi-api","timestamp":"2025-11-12T18:32:02.561Z"}
{"environment":"development","level":"info","message":"Job scheduled: streak-reset (0 0 * * *)","service":"bumi-api","timestamp":"2025-11-12T18:32:02.579Z"}
{"environment":"development","level":"info","message":"Job scheduled: daily-reminder (0 20 * * *)","service":"bumi-api","timestamp":"2025-11-12T18:32:02.580Z"}
{"environment":"development","level":"info","message":"All cron jobs started successfully","service":"bumi-api","timestamp":"2025-11-12T18:32:02.580Z"}
{"environment":"development","level":"info","message":"SIGTERM received, stopping cron jobs...","service":"bumi-api","timestamp":"2025-11-12T18:32:03.804Z"}
{"environment":"development","level":"info","message":"Starting cron service...","service":"bumi-api","timestamp":"2025-11-12T18:32:03.989Z"}
{"environment":"development","level":"info","message":"Job scheduled: streak-reset (0 0 * * *)","service":"bumi-api","timestamp":"2025-11-12T18:32:04.008Z"}
{"environment":"development","level":"info","message":"Job scheduled: daily-reminder (0 20 * * *)","service":"bumi-api","timestamp":"2025-11-12T18:32:04.010Z"}
{"environment":"development","level":"info","message":"All cron jobs started successfully","service":"bumi-api","timestamp":"2025-11-12T18:32:04.010Z"}
{"environment":"development","level":"info","message":"SIGTERM received, stopping cron jobs...","service":"bumi-api","timestamp":"2025-11-12T18:32:09.397Z"}
{"environment":"development","level":"info","message":"Starting cron service...","service":"bumi-api","timestamp":"2025-11-12T18:32:09.591Z"}
{"environment":"development","level":"info","message":"Job scheduled: streak-reset (0 0 * * *)","service":"bumi-api","timestamp":"2025-11-12T18:32:09.611Z"}
{"environment":"development","level":"info","message":"Job scheduled: daily-reminder (0 20 * * *)","service":"bumi-api","timestamp":"2025-11-12T18:32:09.612Z"}
{"environment":"development","level":"info","message":"All cron jobs started successfully","service":"bumi-api","timestamp":"2025-11-12T18:32:09.612Z"}
{"environment":"development","level":"info","message":"SIGTERM received, stopping cron jobs...","service":"bumi-api","timestamp":"2025-11-12T18:32:10.485Z"}
{"environment":"development","level":"info","message":"Starting cron service...","service":"bumi-api","timestamp":"2025-11-12T18:32:10.656Z"}
{"environment":"development","level":"info","message":"Job scheduled: streak-reset (0 0 * * *)","service":"bumi-api","timestamp":"2025-11-12T18:32:10.674Z"}
{"environment":"development","level":"info","message":"Job scheduled: daily-reminder (0 20 * * *)","service":"bumi-api","timestamp":"2025-11-12T18:32:10.676Z"}
{"environment":"development","level":"info","message":"All cron jobs started successfully","service":"bumi-api","timestamp":"2025-11-12T18:32:10.676Z"}
{"environment":"development","level":"info","message":"SIGTERM received, stopping cron jobs...","service":"bumi-api","timestamp":"2025-11-12T18:32:25.577Z"}
{"environment":"development","level":"info","message":"Starting cron service...","service":"bumi-api","timestamp":"2025-11-12T18:32:25.836Z"}
{"environment":"development","level":"info","message":"Job scheduled: streak-reset (0 0 * * *)","service":"bumi-api","timestamp":"2025-11-12T18:32:25.852Z"}
{"environment":"development","level":"info","message":"Job scheduled: daily-reminder (0 20 * * *)","service":"bumi-api","timestamp":"2025-11-12T18:32:25.854Z"}
{"environment":"development","level":"info","message":"All cron jobs started successfully","service":"bumi-api","timestamp":"2025-11-12T18:32:25.854Z"}
{"environment":"development","level":"info","message":"SIGTERM received, stopping cron jobs...","service":"bumi-api","timestamp":"2025-11-12T18:32:29.547Z"}
{"environment":"development","level":"info","message":"Starting cron service...","service":"bumi-api","timestamp":"2025-11-12T18:32:29.735Z"}
{"environment":"development","level":"info","message":"Job scheduled: streak-reset (0 0 * * *)","service":"bumi-api","timestamp":"2025-11-12T18:32:29.753Z"}
{"environment":"development","level":"info","message":"Job scheduled: daily-reminder (0 20 * * *)","service":"bumi-api","timestamp":"2025-11-12T18:32:29.754Z"}
{"environment":"development","level":"info","message":"All cron jobs started successfully","service":"bumi-api","timestamp":"2025-11-12T18:32:29.755Z"}
{"environment":"development","level":"info","message":"SIGTERM received, stopping cron jobs...","service":"bumi-api","timestamp":"2025-11-12T18:32:51.711Z"}
{"environment":"development","level":"info","message":"Starting cron service...","service":"bumi-api","timestamp":"2025-11-12T18:32:51.962Z"}
{"environment":"development","level":"info","message":"Job scheduled: streak-reset (0 0 * * *)","service":"bumi-api","timestamp":"2025-11-12T18:32:51.979Z"}
{"environment":"development","level":"info","message":"Job scheduled: daily-reminder (0 20 * * *)","service":"bumi-api","timestamp":"2025-11-12T18:32:51.980Z"}
{"environment":"development","level":"info","message":"All cron jobs started successfully","service":"bumi-api","timestamp":"2025-11-12T18:32:51.980Z"}
